[2024-10-17 09:09:01,694] [INFO] User Input: 6월 금융시장 전망 알려줘
[2024-10-17 09:09:09,266] [INFO] Answer: 6월 금융시장 전망에 따르면, 6월에는 연준 FOMC에 대한 경계로 국고채 금리와 원달러 환율이 하방경직성을 유지하는 가운데, 국내 증시는 수출 호조에 따른 제조업 실적 개선에 힘입어 추가 상승할 것으로 예상됩니다.

- **국고채 금리:** 미국의 물가와 고용지표, 6월 FOMC에 대한 경계로 인해 하방경직성을 보이겠지만, 금리 상승 시 저가 대기 매수세가 여전하여 금리는 제한된 범위 내에서 등락을 보일 것으로 예상됩니다. (국고채 3년물: 5월 3.45% → 6월 전망 3.45%)

- **원달러 환율:** 글로벌 강달러 압력 속에서 원달러 환율은 동조성을 보이는 위안화와 엔화의 약세에 연동되어 1,360~1,380원 내외의 높은 수준을 유지할 것으로 예상됩니다. (원달러: 5월 1,385원 → 6월 전망 1,370원)

- **국내 증시:** 수출 호조로 인해 제조업 실적 개선이 예상되며, 교역 조건 개선 등의 요인으로 인해 추가 상승을 시도할 것으로 전망됩니다. (KOSPI: 5월 2,637 → 6월 전망 2,760) 

이상은 6월 금융시장에 대한 전망이며, 정책의 변화나 글로벌 경제 상황 등에 따라 변동이 있을 수 있습니다.
[2024-10-17 09:09:09,266] [INFO] ========================================================================================================================================================================================================
[2024-10-17 09:09:59,427] [INFO] User Input: 미국 기준 금리 변동 내역 알려줘
[2024-10-17 09:10:03,341] [INFO] Answer: 미국 기준금리 변동 내역에 따르면, 2023년 기준으로 미국의 기준금리는 연내 동결될 것으로 예상됩니다. 현재 연준의 금리인하는 올해 9월 한차례에 그칠 것으로 전망되며, 인하폭도 25bp에 그칠 것으로 예상됩니다. 또한, CME FedWatch에 따르면, 금리인하가 9월에 이루어질 확률이 높고 다음 인하시점은 내년 1월로 미뤄질 가능성이 있습니다. 2023년 6월까지 미국의 기준금리는 5.50%로 유지될 것으로 보고되었습니다.
[2024-10-17 09:10:03,342] [INFO] ========================================================================================================================================================================================================
[2024-10-17 09:11:08,146] [INFO] User Input: 미국, 한국, 독일 국채금리 알려줘
[2024-10-17 09:11:12,959] [INFO] Answer: 문서에 따르면, 최근 미국과 한국, 독일의 국채금리는 다음과 같습니다:

- 미국 10년 국채금리는 2024년 4월 말 기준 4.68%, 6월 전망치는 4.55% 입니다.
- 한국 3년 국고채금리는 2024년 4월 말 기준 3.53%, 6월 전망치는 3.45% 입니다. 한국 10년 국고채금리의 경우 4월 말 기준 3.66%, 6월 전망치는 3.55% 입니다.
- 독일 10년 국채금리는 2024년 4월 말 기준 2.58%, 6월 전망치는 2.65% 입니다.

이 정보는 문서에 있는 예측치와 전망치를 기반으로 제공되었습니다. 더 자세한 정보는 문서를 참조하시기 바랍니다.
[2024-10-17 09:11:12,960] [INFO] ========================================================================================================================================================================================================
[2024-10-17 09:13:12,267] [INFO] User Input: 주요국 거시경제 지표 추이에 대해 요약해줘
[2024-10-17 09:13:16,374] [INFO] Answer: 주요국 거시경제 지표 추이에 대한 정보는 제공된 문서에서 직접적으로 다루고 있지 않습니다. 문서는 주로 금융시장에 대한 내용과 현재 경제 상황의 변화, 특히 국내외 금리, 환율, 주가지수의 변화에 대해 다루고 있습니다. 이를 통해, 예를 들어 국내와 미국의 국고채 금리 변동, 환율의 변화 추세, 그리고 주가지수의 움직임 등을 몇 가지 예시로 볼 수 있습니다.

좀 더 구체적인 정보를 얻으시려면 해당 문서의 "주요국 거시경제 지표 추이"라는 제목의 섹션이나, 전문적인 경제 보고서를 참고하시기를 추천드립니다.
[2024-10-17 09:13:16,374] [INFO] ========================================================================================================================================================================================================
[2024-10-17 10:44:08,364] [INFO] User Input: 5월 금융 동향 알려줘
[2024-10-17 10:44:13,315] [INFO] Answer: 5월 국내 금융시장 동향은 미 연준의 금리인하 기대감이 커지면서 국고채금리가 하락하고 원화가 강세를 보였으며, 증시는 국내 매크로 여건 개선 기대와 기술주 강세로 상승했습니다. 

구체적으로, 국고채 3년물 금리는 5월 FOMC와 예상치를 하회한 미국 고용지표 및 소비자물가 영향으로 3.38%까지 낮아졌고, 매파적 FOMC 의사록 발표 후 3.4%대로 반등했습니다. 원달러 환율은 5월 FOMC 결과와 미국 고용지표 둔화, 시장 예상치를 하회한 미국 CPI에 힘입어 1,345원까지 하락했다가, 연준 인사들의 매파적인 발언으로 인해 1,370원까지 반등했습니다. 

KOSPI는 수출 호조 기대와 국내 경제성장률 전망치 상향, AI 및 반도체 테마주의 강세에 힘입어 2,750선까지 상승했으나, 연준의 매파적 스탠스와 견조한 미국 경제지표로 인해 긴축 우려가 커지며 상승폭이 제한되었습니다.
[2024-10-17 10:44:13,316] [INFO] ========================================================================================================================================================================================================
